Started GET "/" for ::1 at 2021-03-12 17:49:56 +0530
  [1m[35m (0.8ms)[0m  [1m[34mSELECT sqlite_version(*)[0m
Processing by Rails::WelcomeController#index as HTML
  Rendering /home/minakshee/.rbenv/versions/2.6.6/lib/ruby/gems/2.6.0/gems/railties-6.1.3/lib/rails/templates/rails/welcome/index.html.erb
  Rendered /home/minakshee/.rbenv/versions/2.6.6/lib/ruby/gems/2.6.0/gems/railties-6.1.3/lib/rails/templates/rails/welcome/index.html.erb (Duration: 6.1ms | Allocations: 522)
Completed 200 OK in 25ms (Views: 9.3ms | ActiveRecord: 0.0ms | Allocations: 4401)


Started GET "/" for ::1 at 2021-03-12 17:55:04 +0530
  
AbstractController::ActionNotFound (The action 'hello' could not be found for ApplicationController):
  
actionpack (6.1.3) lib/abstract_controller/base.rb:160:in `process'
actionview (6.1.3) lib/action_view/rendering.rb:39:in `process'
actionpack (6.1.3) lib/action_controller/metal.rb:190:in `dispatch'
actionpack (6.1.3) lib/action_controller/metal.rb:254:in `dispatch'
actionpack (6.1.3) lib/action_dispatch/routing/route_set.rb:50:in `dispatch'
actionpack (6.1.3) lib/action_dispatch/routing/route_set.rb:33:in `serve'
actionpack (6.1.3) lib/action_dispatch/journey/router.rb:50:in `block in serve'
actionpack (6.1.3) lib/action_dispatch/journey/router.rb:32:in `each'
actionpack (6.1.3) lib/action_dispatch/journey/router.rb:32:in `serve'
actionpack (6.1.3) lib/action_dispatch/routing/route_set.rb:842:in `call'
rack (2.2.3) lib/rack/tempfile_reaper.rb:15:in `call'
rack (2.2.3) lib/rack/etag.rb:27:in `call'
rack (2.2.3) lib/rack/conditional_get.rb:27:in `call'
rack (2.2.3) lib/rack/head.rb:12:in `call'
actionpack (6.1.3) lib/action_dispatch/http/permissions_policy.rb:22:in `call'
actionpack (6.1.3) lib/action_dispatch/http/content_security_policy.rb:18:in `call'
rack (2.2.3) lib/rack/session/abstract/id.rb:266:in `context'
rack (2.2.3) lib/rack/session/abstract/id.rb:260:in `call'
actionpack (6.1.3) lib/action_dispatch/middleware/cookies.rb:689:in `call'
activerecord (6.1.3) lib/active_record/migration.rb:601:in `call'
actionpack (6.1.3) lib/action_dispatch/middleware/callbacks.rb:27:in `block in call'
activesupport (6.1.3) lib/active_support/callbacks.rb:98:in `run_callbacks'
actionpack (6.1.3) lib/action_dispatch/middleware/callbacks.rb:26:in `call'
actionpack (6.1.3) lib/action_dispatch/middleware/executor.rb:14:in `call'
actionpack (6.1.3) lib/action_dispatch/middleware/actionable_exceptions.rb:18:in `call'
actionpack (6.1.3) lib/action_dispatch/middleware/debug_exceptions.rb:29:in `call'
web-console (4.1.0) lib/web_console/middleware.rb:132:in `call_app'
web-console (4.1.0) lib/web_console/middleware.rb:28:in `block in call'
web-console (4.1.0) lib/web_console/middleware.rb:17:in `catch'
web-console (4.1.0) lib/web_console/middleware.rb:17:in `call'
actionpack (6.1.3) lib/action_dispatch/middleware/show_exceptions.rb:33:in `call'
railties (6.1.3) lib/rails/rack/logger.rb:37:in `call_app'
railties (6.1.3) lib/rails/rack/logger.rb:26:in `block in call'
activesupport (6.1.3) lib/active_support/tagged_logging.rb:99:in `block in tagged'
activesupport (6.1.3) lib/active_support/tagged_logging.rb:37:in `tagged'
activesupport (6.1.3) lib/active_support/tagged_logging.rb:99:in `tagged'
railties (6.1.3) lib/rails/rack/logger.rb:26:in `call'
sprockets-rails (3.2.2) lib/sprockets/rails/quiet_assets.rb:13:in `call'
actionpack (6.1.3) lib/action_dispatch/middleware/remote_ip.rb:81:in `call'
actionpack (6.1.3) lib/action_dispatch/middleware/request_id.rb:26:in `call'
rack (2.2.3) lib/rack/method_override.rb:24:in `call'
rack (2.2.3) lib/rack/runtime.rb:22:in `call'
activesupport (6.1.3) lib/active_support/cache/strategy/local_cache_middleware.rb:29:in `call'
actionpack (6.1.3) lib/action_dispatch/middleware/executor.rb:14:in `call'
actionpack (6.1.3) lib/action_dispatch/middleware/static.rb:24:in `call'
rack (2.2.3) lib/rack/sendfile.rb:110:in `call'
actionpack (6.1.3) lib/action_dispatch/middleware/host_authorization.rb:98:in `call'
rack-mini-profiler (2.3.1) lib/mini_profiler/profiler.rb:373:in `call'
webpacker (5.2.1) lib/webpacker/dev_server_proxy.rb:25:in `perform_request'
rack-proxy (0.6.5) lib/rack/proxy.rb:57:in `call'
railties (6.1.3) lib/rails/engine.rb:539:in `call'
puma (5.2.2) lib/puma/configuration.rb:248:in `call'
puma (5.2.2) lib/puma/request.rb:76:in `block in handle_request'
puma (5.2.2) lib/puma/thread_pool.rb:337:in `with_force_shutdown'
puma (5.2.2) lib/puma/request.rb:75:in `handle_request'
puma (5.2.2) lib/puma/server.rb:431:in `process_client'
puma (5.2.2) lib/puma/thread_pool.rb:145:in `block in spawn_thread'
Started GET "/" for ::1 at 2021-03-12 17:55:48 +0530
Processing by ApplicationController#hello as HTML
Completed 406 Not Acceptable in 17ms (Allocations: 1306)


  
ActionController::MissingExactTemplate (ApplicationController#hello is missing a template for request formats: text/html):
  
actionpack (6.1.3) lib/action_controller/metal/implicit_render.rb:45:in `default_render'
actionpack (6.1.3) lib/action_controller/metal/basic_implicit_render.rb:6:in `block in send_action'
actionpack (6.1.3) lib/action_controller/metal/basic_implicit_render.rb:6:in `tap'
actionpack (6.1.3) lib/action_controller/metal/basic_implicit_render.rb:6:in `send_action'
actionpack (6.1.3) lib/abstract_controller/base.rb:228:in `process_action'
actionpack (6.1.3) lib/action_controller/metal/rendering.rb:30:in `process_action'
actionpack (6.1.3) lib/abstract_controller/callbacks.rb:42:in `block in process_action'
activesupport (6.1.3) lib/active_support/callbacks.rb:117:in `block in run_callbacks'
actiontext (6.1.3) lib/action_text/rendering.rb:20:in `with_renderer'
actiontext (6.1.3) lib/action_text/engine.rb:55:in `block (4 levels) in <class:Engine>'
activesupport (6.1.3) lib/active_support/callbacks.rb:126:in `instance_exec'
activesupport (6.1.3) lib/active_support/callbacks.rb:126:in `block in run_callbacks'
activesupport (6.1.3) lib/active_support/callbacks.rb:137:in `run_callbacks'
actionpack (6.1.3) lib/abstract_controller/callbacks.rb:41:in `process_action'
actionpack (6.1.3) lib/action_controller/metal/rescue.rb:22:in `process_action'
actionpack (6.1.3) lib/action_controller/metal/instrumentation.rb:34:in `block in process_action'
activesupport (6.1.3) lib/active_support/notifications.rb:203:in `block in instrument'
activesupport (6.1.3) lib/active_support/notifications/instrumenter.rb:24:in `instrument'
activesupport (6.1.3) lib/active_support/notifications.rb:203:in `instrument'
actionpack (6.1.3) lib/action_controller/metal/instrumentation.rb:33:in `process_action'
actionpack (6.1.3) lib/action_controller/metal/params_wrapper.rb:249:in `process_action'
activerecord (6.1.3) lib/active_record/railties/controller_runtime.rb:27:in `process_action'
actionpack (6.1.3) lib/abstract_controller/base.rb:165:in `process'
actionview (6.1.3) lib/action_view/rendering.rb:39:in `process'
actionpack (6.1.3) lib/action_controller/metal.rb:190:in `dispatch'
actionpack (6.1.3) lib/action_controller/metal.rb:254:in `dispatch'
actionpack (6.1.3) lib/action_dispatch/routing/route_set.rb:50:in `dispatch'
actionpack (6.1.3) lib/action_dispatch/routing/route_set.rb:33:in `serve'
actionpack (6.1.3) lib/action_dispatch/journey/router.rb:50:in `block in serve'
actionpack (6.1.3) lib/action_dispatch/journey/router.rb:32:in `each'
actionpack (6.1.3) lib/action_dispatch/journey/router.rb:32:in `serve'
actionpack (6.1.3) lib/action_dispatch/routing/route_set.rb:842:in `call'
rack (2.2.3) lib/rack/tempfile_reaper.rb:15:in `call'
rack (2.2.3) lib/rack/etag.rb:27:in `call'
rack (2.2.3) lib/rack/conditional_get.rb:27:in `call'
rack (2.2.3) lib/rack/head.rb:12:in `call'
actionpack (6.1.3) lib/action_dispatch/http/permissions_policy.rb:22:in `call'
actionpack (6.1.3) lib/action_dispatch/http/content_security_policy.rb:18:in `call'
rack (2.2.3) lib/rack/session/abstract/id.rb:266:in `context'
rack (2.2.3) lib/rack/session/abstract/id.rb:260:in `call'
actionpack (6.1.3) lib/action_dispatch/middleware/cookies.rb:689:in `call'
activerecord (6.1.3) lib/active_record/migration.rb:601:in `call'
actionpack (6.1.3) lib/action_dispatch/middleware/callbacks.rb:27:in `block in call'
activesupport (6.1.3) lib/active_support/callbacks.rb:98:in `run_callbacks'
actionpack (6.1.3) lib/action_dispatch/middleware/callbacks.rb:26:in `call'
actionpack (6.1.3) lib/action_dispatch/middleware/executor.rb:14:in `call'
actionpack (6.1.3) lib/action_dispatch/middleware/actionable_exceptions.rb:18:in `call'
actionpack (6.1.3) lib/action_dispatch/middleware/debug_exceptions.rb:29:in `call'
web-console (4.1.0) lib/web_console/middleware.rb:132:in `call_app'
web-console (4.1.0) lib/web_console/middleware.rb:28:in `block in call'
web-console (4.1.0) lib/web_console/middleware.rb:17:in `catch'
web-console (4.1.0) lib/web_console/middleware.rb:17:in `call'
actionpack (6.1.3) lib/action_dispatch/middleware/show_exceptions.rb:33:in `call'
railties (6.1.3) lib/rails/rack/logger.rb:37:in `call_app'
railties (6.1.3) lib/rails/rack/logger.rb:26:in `block in call'
activesupport (6.1.3) lib/active_support/tagged_logging.rb:99:in `block in tagged'
activesupport (6.1.3) lib/active_support/tagged_logging.rb:37:in `tagged'
activesupport (6.1.3) lib/active_support/tagged_logging.rb:99:in `tagged'
railties (6.1.3) lib/rails/rack/logger.rb:26:in `call'
sprockets-rails (3.2.2) lib/sprockets/rails/quiet_assets.rb:13:in `call'
actionpack (6.1.3) lib/action_dispatch/middleware/remote_ip.rb:81:in `call'
actionpack (6.1.3) lib/action_dispatch/middleware/request_id.rb:26:in `call'
rack (2.2.3) lib/rack/method_override.rb:24:in `call'
rack (2.2.3) lib/rack/runtime.rb:22:in `call'
activesupport (6.1.3) lib/active_support/cache/strategy/local_cache_middleware.rb:29:in `call'
actionpack (6.1.3) lib/action_dispatch/middleware/executor.rb:14:in `call'
actionpack (6.1.3) lib/action_dispatch/middleware/static.rb:24:in `call'
rack (2.2.3) lib/rack/sendfile.rb:110:in `call'
actionpack (6.1.3) lib/action_dispatch/middleware/host_authorization.rb:98:in `call'
rack-mini-profiler (2.3.1) lib/mini_profiler/profiler.rb:373:in `call'
webpacker (5.2.1) lib/webpacker/dev_server_proxy.rb:25:in `perform_request'
rack-proxy (0.6.5) lib/rack/proxy.rb:57:in `call'
railties (6.1.3) lib/rails/engine.rb:539:in `call'
puma (5.2.2) lib/puma/configuration.rb:248:in `call'
puma (5.2.2) lib/puma/request.rb:76:in `block in handle_request'
puma (5.2.2) lib/puma/thread_pool.rb:337:in `with_force_shutdown'
puma (5.2.2) lib/puma/request.rb:75:in `handle_request'
puma (5.2.2) lib/puma/server.rb:431:in `process_client'
puma (5.2.2) lib/puma/thread_pool.rb:145:in `block in spawn_thread'
Started GET "/" for ::1 at 2021-03-12 17:56:54 +0530
Processing by ApplicationController#hello as HTML
  Rendering html template
  Rendered html template (Duration: 0.1ms | Allocations: 28)
Completed 200 OK in 1ms (Views: 1.0ms | Allocations: 692)


Started GET "/" for ::1 at 2021-03-12 17:59:48 +0530
  
ActionController::RoutingError (uninitialized constant PagesController):
  
Started GET "/" for ::1 at 2021-03-12 18:19:43 +0530
  
AbstractController::ActionNotFound (The action 'home' could not be found for PagesController):
  
actionpack (6.1.3) lib/abstract_controller/base.rb:160:in `process'
actionview (6.1.3) lib/action_view/rendering.rb:39:in `process'
actionpack (6.1.3) lib/action_controller/metal.rb:190:in `dispatch'
actionpack (6.1.3) lib/action_controller/metal.rb:254:in `dispatch'
actionpack (6.1.3) lib/action_dispatch/routing/route_set.rb:50:in `dispatch'
actionpack (6.1.3) lib/action_dispatch/routing/route_set.rb:33:in `serve'
actionpack (6.1.3) lib/action_dispatch/journey/router.rb:50:in `block in serve'
actionpack (6.1.3) lib/action_dispatch/journey/router.rb:32:in `each'
actionpack (6.1.3) lib/action_dispatch/journey/router.rb:32:in `serve'
actionpack (6.1.3) lib/action_dispatch/routing/route_set.rb:842:in `call'
rack (2.2.3) lib/rack/tempfile_reaper.rb:15:in `call'
rack (2.2.3) lib/rack/etag.rb:27:in `call'
rack (2.2.3) lib/rack/conditional_get.rb:27:in `call'
rack (2.2.3) lib/rack/head.rb:12:in `call'
actionpack (6.1.3) lib/action_dispatch/http/permissions_policy.rb:22:in `call'
actionpack (6.1.3) lib/action_dispatch/http/content_security_policy.rb:18:in `call'
rack (2.2.3) lib/rack/session/abstract/id.rb:266:in `context'
rack (2.2.3) lib/rack/session/abstract/id.rb:260:in `call'
actionpack (6.1.3) lib/action_dispatch/middleware/cookies.rb:689:in `call'
activerecord (6.1.3) lib/active_record/migration.rb:601:in `call'
actionpack (6.1.3) lib/action_dispatch/middleware/callbacks.rb:27:in `block in call'
activesupport (6.1.3) lib/active_support/callbacks.rb:98:in `run_callbacks'
actionpack (6.1.3) lib/action_dispatch/middleware/callbacks.rb:26:in `call'
actionpack (6.1.3) lib/action_dispatch/middleware/executor.rb:14:in `call'
actionpack (6.1.3) lib/action_dispatch/middleware/actionable_exceptions.rb:18:in `call'
actionpack (6.1.3) lib/action_dispatch/middleware/debug_exceptions.rb:29:in `call'
web-console (4.1.0) lib/web_console/middleware.rb:132:in `call_app'
web-console (4.1.0) lib/web_console/middleware.rb:28:in `block in call'
web-console (4.1.0) lib/web_console/middleware.rb:17:in `catch'
web-console (4.1.0) lib/web_console/middleware.rb:17:in `call'
actionpack (6.1.3) lib/action_dispatch/middleware/show_exceptions.rb:33:in `call'
railties (6.1.3) lib/rails/rack/logger.rb:37:in `call_app'
railties (6.1.3) lib/rails/rack/logger.rb:26:in `block in call'
activesupport (6.1.3) lib/active_support/tagged_logging.rb:99:in `block in tagged'
activesupport (6.1.3) lib/active_support/tagged_logging.rb:37:in `tagged'
activesupport (6.1.3) lib/active_support/tagged_logging.rb:99:in `tagged'
railties (6.1.3) lib/rails/rack/logger.rb:26:in `call'
sprockets-rails (3.2.2) lib/sprockets/rails/quiet_assets.rb:13:in `call'
actionpack (6.1.3) lib/action_dispatch/middleware/remote_ip.rb:81:in `call'
actionpack (6.1.3) lib/action_dispatch/middleware/request_id.rb:26:in `call'
rack (2.2.3) lib/rack/method_override.rb:24:in `call'
rack (2.2.3) lib/rack/runtime.rb:22:in `call'
activesupport (6.1.3) lib/active_support/cache/strategy/local_cache_middleware.rb:29:in `call'
actionpack (6.1.3) lib/action_dispatch/middleware/executor.rb:14:in `call'
actionpack (6.1.3) lib/action_dispatch/middleware/static.rb:24:in `call'
rack (2.2.3) lib/rack/sendfile.rb:110:in `call'
actionpack (6.1.3) lib/action_dispatch/middleware/host_authorization.rb:98:in `call'
rack-mini-profiler (2.3.1) lib/mini_profiler/profiler.rb:373:in `call'
webpacker (5.2.1) lib/webpacker/dev_server_proxy.rb:25:in `perform_request'
rack-proxy (0.6.5) lib/rack/proxy.rb:57:in `call'
railties (6.1.3) lib/rails/engine.rb:539:in `call'
puma (5.2.2) lib/puma/configuration.rb:248:in `call'
puma (5.2.2) lib/puma/request.rb:76:in `block in handle_request'
puma (5.2.2) lib/puma/thread_pool.rb:337:in `with_force_shutdown'
puma (5.2.2) lib/puma/request.rb:75:in `handle_request'
puma (5.2.2) lib/puma/server.rb:431:in `process_client'
puma (5.2.2) lib/puma/thread_pool.rb:145:in `block in spawn_thread'
Started GET "/" for ::1 at 2021-03-12 18:20:34 +0530
Processing by PagesController#home as HTML
  Rendering layout layouts/application.html.erb
  Rendering pages/home.html.erb within layouts/application
  Rendered pages/home.html.erb within layouts/application (Duration: 0.2ms | Allocations: 109)
[Webpacker] Compiling...
[Webpacker] Compiled all packs in /home/minakshee/blog/public/packs
[Webpacker] Hash: e332c6419728fac579d5
Version: webpack 4.46.0
Time: 1572ms
Built at: 12/03/2021 6:20:36 pm
                                     Asset       Size       Chunks                         Chunk Names
    js/application-f826770d917d8a37c1d8.js    125 KiB  application  [emitted] [immutable]  application
js/application-f826770d917d8a37c1d8.js.map    139 KiB  application  [emitted] [dev]        application
                             manifest.json  364 bytes               [emitted]              
Entrypoint application = js/application-f826770d917d8a37c1d8.js js/application-f826770d917d8a37c1d8.js.map
[./app/javascript/channels sync recursive _channel\.js$] ./app/javascript/channels sync _channel\.js$ 160 bytes {application} [built]
[./app/javascript/channels/index.js] 211 bytes {application} [built]
[./app/javascript/packs/application.js] 492 bytes {application} [built]
[./node_modules/webpack/buildin/module.js] (webpack)/buildin/module.js 552 bytes {application} [built]
    + 3 hidden modules

  Rendered layout layouts/application.html.erb (Duration: 2632.5ms | Allocations: 16229)
Completed 200 OK in 2634ms (Views: 2633.6ms | Allocations: 17342)


Started GET "/" for ::1 at 2021-03-12 18:21:02 +0530
Processing by PagesController#home as HTML
  Rendering layout layouts/application.html.erb
  Rendering pages/home.html.erb within layouts/application
  Rendered pages/home.html.erb within layouts/application (Duration: 0.2ms | Allocations: 35)
[Webpacker] Everything's up-to-date. Nothing to do
  Rendered layout layouts/application.html.erb (Duration: 12.6ms | Allocations: 3030)
Completed 200 OK in 15ms (Views: 14.1ms | Allocations: 3442)


Started GET "/about" for ::1 at 2021-03-12 23:49:59 +0530
  
AbstractController::ActionNotFound (The action 'about' could not be found for PagesController):
  
actionpack (6.1.3) lib/abstract_controller/base.rb:160:in `process'
actionview (6.1.3) lib/action_view/rendering.rb:39:in `process'
actionpack (6.1.3) lib/action_controller/metal.rb:190:in `dispatch'
actionpack (6.1.3) lib/action_controller/metal.rb:254:in `dispatch'
actionpack (6.1.3) lib/action_dispatch/routing/route_set.rb:50:in `dispatch'
actionpack (6.1.3) lib/action_dispatch/routing/route_set.rb:33:in `serve'
actionpack (6.1.3) lib/action_dispatch/journey/router.rb:50:in `block in serve'
actionpack (6.1.3) lib/action_dispatch/journey/router.rb:32:in `each'
actionpack (6.1.3) lib/action_dispatch/journey/router.rb:32:in `serve'
actionpack (6.1.3) lib/action_dispatch/routing/route_set.rb:842:in `call'
rack (2.2.3) lib/rack/tempfile_reaper.rb:15:in `call'
rack (2.2.3) lib/rack/etag.rb:27:in `call'
rack (2.2.3) lib/rack/conditional_get.rb:27:in `call'
rack (2.2.3) lib/rack/head.rb:12:in `call'
actionpack (6.1.3) lib/action_dispatch/http/permissions_policy.rb:22:in `call'
actionpack (6.1.3) lib/action_dispatch/http/content_security_policy.rb:18:in `call'
rack (2.2.3) lib/rack/session/abstract/id.rb:266:in `context'
rack (2.2.3) lib/rack/session/abstract/id.rb:260:in `call'
actionpack (6.1.3) lib/action_dispatch/middleware/cookies.rb:689:in `call'
activerecord (6.1.3) lib/active_record/migration.rb:601:in `call'
actionpack (6.1.3) lib/action_dispatch/middleware/callbacks.rb:27:in `block in call'
activesupport (6.1.3) lib/active_support/callbacks.rb:98:in `run_callbacks'
actionpack (6.1.3) lib/action_dispatch/middleware/callbacks.rb:26:in `call'
actionpack (6.1.3) lib/action_dispatch/middleware/executor.rb:14:in `call'
actionpack (6.1.3) lib/action_dispatch/middleware/actionable_exceptions.rb:18:in `call'
actionpack (6.1.3) lib/action_dispatch/middleware/debug_exceptions.rb:29:in `call'
web-console (4.1.0) lib/web_console/middleware.rb:132:in `call_app'
web-console (4.1.0) lib/web_console/middleware.rb:28:in `block in call'
web-console (4.1.0) lib/web_console/middleware.rb:17:in `catch'
web-console (4.1.0) lib/web_console/middleware.rb:17:in `call'
actionpack (6.1.3) lib/action_dispatch/middleware/show_exceptions.rb:33:in `call'
railties (6.1.3) lib/rails/rack/logger.rb:37:in `call_app'
railties (6.1.3) lib/rails/rack/logger.rb:26:in `block in call'
activesupport (6.1.3) lib/active_support/tagged_logging.rb:99:in `block in tagged'
activesupport (6.1.3) lib/active_support/tagged_logging.rb:37:in `tagged'
activesupport (6.1.3) lib/active_support/tagged_logging.rb:99:in `tagged'
railties (6.1.3) lib/rails/rack/logger.rb:26:in `call'
sprockets-rails (3.2.2) lib/sprockets/rails/quiet_assets.rb:13:in `call'
actionpack (6.1.3) lib/action_dispatch/middleware/remote_ip.rb:81:in `call'
actionpack (6.1.3) lib/action_dispatch/middleware/request_id.rb:26:in `call'
rack (2.2.3) lib/rack/method_override.rb:24:in `call'
rack (2.2.3) lib/rack/runtime.rb:22:in `call'
activesupport (6.1.3) lib/active_support/cache/strategy/local_cache_middleware.rb:29:in `call'
actionpack (6.1.3) lib/action_dispatch/middleware/executor.rb:14:in `call'
actionpack (6.1.3) lib/action_dispatch/middleware/static.rb:24:in `call'
rack (2.2.3) lib/rack/sendfile.rb:110:in `call'
actionpack (6.1.3) lib/action_dispatch/middleware/host_authorization.rb:98:in `call'
rack-mini-profiler (2.3.1) lib/mini_profiler/profiler.rb:373:in `call'
webpacker (5.2.1) lib/webpacker/dev_server_proxy.rb:25:in `perform_request'
rack-proxy (0.6.5) lib/rack/proxy.rb:57:in `call'
railties (6.1.3) lib/rails/engine.rb:539:in `call'
puma (5.2.2) lib/puma/configuration.rb:248:in `call'
puma (5.2.2) lib/puma/request.rb:76:in `block in handle_request'
puma (5.2.2) lib/puma/thread_pool.rb:337:in `with_force_shutdown'
puma (5.2.2) lib/puma/request.rb:75:in `handle_request'
puma (5.2.2) lib/puma/server.rb:431:in `process_client'
puma (5.2.2) lib/puma/thread_pool.rb:145:in `block in spawn_thread'
Started GET "/about" for ::1 at 2021-03-12 23:50:38 +0530
Processing by PagesController#about as HTML
Completed 406 Not Acceptable in 2ms (Allocations: 1844)


  
ActionController::MissingExactTemplate (PagesController#about is missing a template for request formats: text/html):
  
actionpack (6.1.3) lib/action_controller/metal/implicit_render.rb:45:in `default_render'
actionpack (6.1.3) lib/action_controller/metal/basic_implicit_render.rb:6:in `block in send_action'
actionpack (6.1.3) lib/action_controller/metal/basic_implicit_render.rb:6:in `tap'
actionpack (6.1.3) lib/action_controller/metal/basic_implicit_render.rb:6:in `send_action'
actionpack (6.1.3) lib/abstract_controller/base.rb:228:in `process_action'
actionpack (6.1.3) lib/action_controller/metal/rendering.rb:30:in `process_action'
actionpack (6.1.3) lib/abstract_controller/callbacks.rb:42:in `block in process_action'
activesupport (6.1.3) lib/active_support/callbacks.rb:117:in `block in run_callbacks'
actiontext (6.1.3) lib/action_text/rendering.rb:20:in `with_renderer'
actiontext (6.1.3) lib/action_text/engine.rb:55:in `block (4 levels) in <class:Engine>'
activesupport (6.1.3) lib/active_support/callbacks.rb:126:in `instance_exec'
activesupport (6.1.3) lib/active_support/callbacks.rb:126:in `block in run_callbacks'
activesupport (6.1.3) lib/active_support/callbacks.rb:137:in `run_callbacks'
actionpack (6.1.3) lib/abstract_controller/callbacks.rb:41:in `process_action'
actionpack (6.1.3) lib/action_controller/metal/rescue.rb:22:in `process_action'
actionpack (6.1.3) lib/action_controller/metal/instrumentation.rb:34:in `block in process_action'
activesupport (6.1.3) lib/active_support/notifications.rb:203:in `block in instrument'
activesupport (6.1.3) lib/active_support/notifications/instrumenter.rb:24:in `instrument'
activesupport (6.1.3) lib/active_support/notifications.rb:203:in `instrument'
actionpack (6.1.3) lib/action_controller/metal/instrumentation.rb:33:in `process_action'
actionpack (6.1.3) lib/action_controller/metal/params_wrapper.rb:249:in `process_action'
activerecord (6.1.3) lib/active_record/railties/controller_runtime.rb:27:in `process_action'
actionpack (6.1.3) lib/abstract_controller/base.rb:165:in `process'
actionview (6.1.3) lib/action_view/rendering.rb:39:in `process'
actionpack (6.1.3) lib/action_controller/metal.rb:190:in `dispatch'
actionpack (6.1.3) lib/action_controller/metal.rb:254:in `dispatch'
actionpack (6.1.3) lib/action_dispatch/routing/route_set.rb:50:in `dispatch'
actionpack (6.1.3) lib/action_dispatch/routing/route_set.rb:33:in `serve'
actionpack (6.1.3) lib/action_dispatch/journey/router.rb:50:in `block in serve'
actionpack (6.1.3) lib/action_dispatch/journey/router.rb:32:in `each'
actionpack (6.1.3) lib/action_dispatch/journey/router.rb:32:in `serve'
actionpack (6.1.3) lib/action_dispatch/routing/route_set.rb:842:in `call'
rack (2.2.3) lib/rack/tempfile_reaper.rb:15:in `call'
rack (2.2.3) lib/rack/etag.rb:27:in `call'
rack (2.2.3) lib/rack/conditional_get.rb:27:in `call'
rack (2.2.3) lib/rack/head.rb:12:in `call'
actionpack (6.1.3) lib/action_dispatch/http/permissions_policy.rb:22:in `call'
actionpack (6.1.3) lib/action_dispatch/http/content_security_policy.rb:18:in `call'
rack (2.2.3) lib/rack/session/abstract/id.rb:266:in `context'
rack (2.2.3) lib/rack/session/abstract/id.rb:260:in `call'
actionpack (6.1.3) lib/action_dispatch/middleware/cookies.rb:689:in `call'
activerecord (6.1.3) lib/active_record/migration.rb:601:in `call'
actionpack (6.1.3) lib/action_dispatch/middleware/callbacks.rb:27:in `block in call'
activesupport (6.1.3) lib/active_support/callbacks.rb:98:in `run_callbacks'
actionpack (6.1.3) lib/action_dispatch/middleware/callbacks.rb:26:in `call'
actionpack (6.1.3) lib/action_dispatch/middleware/executor.rb:14:in `call'
actionpack (6.1.3) lib/action_dispatch/middleware/actionable_exceptions.rb:18:in `call'
actionpack (6.1.3) lib/action_dispatch/middleware/debug_exceptions.rb:29:in `call'
web-console (4.1.0) lib/web_console/middleware.rb:132:in `call_app'
web-console (4.1.0) lib/web_console/middleware.rb:28:in `block in call'
web-console (4.1.0) lib/web_console/middleware.rb:17:in `catch'
web-console (4.1.0) lib/web_console/middleware.rb:17:in `call'
actionpack (6.1.3) lib/action_dispatch/middleware/show_exceptions.rb:33:in `call'
railties (6.1.3) lib/rails/rack/logger.rb:37:in `call_app'
railties (6.1.3) lib/rails/rack/logger.rb:26:in `block in call'
activesupport (6.1.3) lib/active_support/tagged_logging.rb:99:in `block in tagged'
activesupport (6.1.3) lib/active_support/tagged_logging.rb:37:in `tagged'
activesupport (6.1.3) lib/active_support/tagged_logging.rb:99:in `tagged'
railties (6.1.3) lib/rails/rack/logger.rb:26:in `call'
sprockets-rails (3.2.2) lib/sprockets/rails/quiet_assets.rb:13:in `call'
actionpack (6.1.3) lib/action_dispatch/middleware/remote_ip.rb:81:in `call'
actionpack (6.1.3) lib/action_dispatch/middleware/request_id.rb:26:in `call'
rack (2.2.3) lib/rack/method_override.rb:24:in `call'
rack (2.2.3) lib/rack/runtime.rb:22:in `call'
activesupport (6.1.3) lib/active_support/cache/strategy/local_cache_middleware.rb:29:in `call'
actionpack (6.1.3) lib/action_dispatch/middleware/executor.rb:14:in `call'
actionpack (6.1.3) lib/action_dispatch/middleware/static.rb:24:in `call'
rack (2.2.3) lib/rack/sendfile.rb:110:in `call'
actionpack (6.1.3) lib/action_dispatch/middleware/host_authorization.rb:98:in `call'
rack-mini-profiler (2.3.1) lib/mini_profiler/profiler.rb:373:in `call'
webpacker (5.2.1) lib/webpacker/dev_server_proxy.rb:25:in `perform_request'
rack-proxy (0.6.5) lib/rack/proxy.rb:57:in `call'
railties (6.1.3) lib/rails/engine.rb:539:in `call'
puma (5.2.2) lib/puma/configuration.rb:248:in `call'
puma (5.2.2) lib/puma/request.rb:76:in `block in handle_request'
puma (5.2.2) lib/puma/thread_pool.rb:337:in `with_force_shutdown'
puma (5.2.2) lib/puma/request.rb:75:in `handle_request'
puma (5.2.2) lib/puma/server.rb:431:in `process_client'
puma (5.2.2) lib/puma/thread_pool.rb:145:in `block in spawn_thread'
Started GET "/about" for ::1 at 2021-03-12 23:51:46 +0530
Processing by PagesController#about as HTML
  Rendering layout layouts/application.html.erb
  Rendering pages/about.html.erb within layouts/application
  Rendered pages/about.html.erb within layouts/application (Duration: 0.6ms | Allocations: 115)
[Webpacker] Everything's up-to-date. Nothing to do
  Rendered layout layouts/application.html.erb (Duration: 11.0ms | Allocations: 3288)
Completed 200 OK in 34ms (Views: 32.1ms | Allocations: 4437)


Started GET "/" for ::1 at 2021-03-13 00:29:15 +0530
Processing by PagesController#home as HTML
  Rendering layout layouts/application.html.erb
  Rendering pages/home.html.erb within layouts/application
  Rendered pages/home.html.erb within layouts/application (Duration: 0.4ms | Allocations: 109)
[Webpacker] Everything's up-to-date. Nothing to do
  Rendered layout layouts/application.html.erb (Duration: 5.3ms | Allocations: 3282)
Completed 200 OK in 8ms (Views: 6.6ms | Allocations: 4426)


Started GET "/" for ::1 at 2021-03-13 10:19:56 +0530
  [1m[35m (0.5ms)[0m  [1m[34mSELECT sqlite_version(*)[0m
Processing by PagesController#home as HTML
  Rendering layout layouts/application.html.erb
  Rendering pages/home.html.erb within layouts/application
  Rendered pages/home.html.erb within layouts/application (Duration: 2.3ms | Allocations: 230)
[Webpacker] Everything's up-to-date. Nothing to do
  Rendered layout layouts/application.html.erb (Duration: 15.8ms | Allocations: 5419)
Completed 200 OK in 34ms (Views: 19.4ms | ActiveRecord: 0.0ms | Allocations: 8190)


Started GET "/about" for ::1 at 2021-03-13 10:20:07 +0530
Processing by PagesController#about as HTML
  Rendering layout layouts/application.html.erb
  Rendering pages/about.html.erb within layouts/application
  Rendered pages/about.html.erb within layouts/application (Duration: 1.1ms | Allocations: 110)
[Webpacker] Everything's up-to-date. Nothing to do
  Rendered layout layouts/application.html.erb (Duration: 11.3ms | Allocations: 3107)
Completed 200 OK in 14ms (Views: 12.0ms | ActiveRecord: 0.0ms | Allocations: 3646)


Started GET "/" for ::1 at 2021-03-13 10:20:11 +0530
Processing by PagesController#home as HTML
  Rendering layout layouts/application.html.erb
  Rendering pages/home.html.erb within layouts/application
  Rendered pages/home.html.erb within layouts/application (Duration: 0.4ms | Allocations: 35)
[Webpacker] Everything's up-to-date. Nothing to do
  Rendered layout layouts/application.html.erb (Duration: 17.0ms | Allocations: 3031)
Completed 200 OK in 22ms (Views: 20.4ms | ActiveRecord: 0.0ms | Allocations: 3440)


Started GET "/about" for ::1 at 2021-03-13 10:20:22 +0530
Processing by PagesController#about as HTML
  Rendering layout layouts/application.html.erb
  Rendering pages/about.html.erb within layouts/application
  Rendered pages/about.html.erb within layouts/application (Duration: 0.1ms | Allocations: 35)
[Webpacker] Everything's up-to-date. Nothing to do
  Rendered layout layouts/application.html.erb (Duration: 6.3ms | Allocations: 3032)
Completed 200 OK in 7ms (Views: 6.8ms | ActiveRecord: 0.0ms | Allocations: 3442)


